[20-May-2025 05:13:08 Europe/Berlin] Loading comments for article: how-to-access
[20-May-2025 05:13:08 Europe/Berlin] Looking for file: comments/how-to-access.txt
[20-May-2025 05:13:08 Europe/Berlin] File exists, attempting to read
[20-May-2025 05:13:08 Europe/Berlin] Successfully loaded comments
[20-May-2025 05:13:08 Europe/Berlin] PHP Fatal error:  Cannot redeclare loadComments() (previously declared in C:\xampp\htdocs\load_comments.php:10) in C:\xampp\htdocs\load_comments.php on line 28
[20-May-2025 05:13:17 Europe/Berlin] POST data received: Array
(
    [article_id] => how-to-access
    [name] => testing 123
    [comment] => yo what's up SLIME!
)

[20-May-2025 05:13:17 Europe/Berlin] Article ID: how-to-access
[20-May-2025 05:13:17 Europe/Berlin] Name: testing 123
[20-May-2025 05:13:17 Europe/Berlin] Comment: yo what's up SLIME!
[20-May-2025 05:13:17 Europe/Berlin] Attempting to save to file: comments/how-to-access.txt
[20-May-2025 05:13:17 Europe/Berlin] Comment saved successfully
[20-May-2025 05:13:17 Europe/Berlin] Loading comments for article: how-to-access
[20-May-2025 05:13:17 Europe/Berlin] Looking for file: comments/how-to-access.txt
[20-May-2025 05:13:17 Europe/Berlin] File exists, attempting to read
[20-May-2025 05:13:17 Europe/Berlin] Successfully loaded comments
[20-May-2025 05:13:17 Europe/Berlin] PHP Fatal error:  Cannot redeclare loadComments() (previously declared in C:\xampp\htdocs\load_comments.php:10) in C:\xampp\htdocs\load_comments.php on line 28
[20-May-2025 05:13:40 Europe/Berlin] POST data received: Array
(
    [article_id] => how-to-access
    [name] => hi twin!!!!
    [comment] => hiiii
)

[20-May-2025 05:13:40 Europe/Berlin] Article ID: how-to-access
[20-May-2025 05:13:40 Europe/Berlin] Name: hi twin!!!!
[20-May-2025 05:13:40 Europe/Berlin] Comment: hiiii
[20-May-2025 05:13:40 Europe/Berlin] Attempting to save to file: comments/how-to-access.txt
[20-May-2025 05:13:40 Europe/Berlin] Comment saved successfully
[20-May-2025 05:13:40 Europe/Berlin] Loading comments for article: how-to-access
[20-May-2025 05:13:40 Europe/Berlin] Looking for file: comments/how-to-access.txt
[20-May-2025 05:13:40 Europe/Berlin] File exists, attempting to read
[20-May-2025 05:13:40 Europe/Berlin] Successfully loaded comments
[20-May-2025 05:13:40 Europe/Berlin] PHP Fatal error:  Cannot redeclare loadComments() (previously declared in C:\xampp\htdocs\load_comments.php:10) in C:\xampp\htdocs\load_comments.php on line 28
[20-May-2025 05:13:50 Europe/Berlin] POST data received: Array
(
    [article_id] => how-to-access
    [name] => gulp it might be
    [comment] => overflowing!!!!
)

[20-May-2025 05:13:50 Europe/Berlin] Article ID: how-to-access
[20-May-2025 05:13:50 Europe/Berlin] Name: gulp it might be
[20-May-2025 05:13:50 Europe/Berlin] Comment: overflowing!!!!
[20-May-2025 05:13:50 Europe/Berlin] Attempting to save to file: comments/how-to-access.txt
[20-May-2025 05:13:50 Europe/Berlin] Comment saved successfully
[20-May-2025 05:13:50 Europe/Berlin] Loading comments for article: how-to-access
[20-May-2025 05:13:50 Europe/Berlin] Looking for file: comments/how-to-access.txt
[20-May-2025 05:13:50 Europe/Berlin] File exists, attempting to read
[20-May-2025 05:13:50 Europe/Berlin] Successfully loaded comments
[20-May-2025 05:13:50 Europe/Berlin] PHP Fatal error:  Cannot redeclare loadComments() (previously declared in C:\xampp\htdocs\load_comments.php:10) in C:\xampp\htdocs\load_comments.php on line 28
[20-May-2025 05:15:24 Europe/Berlin] Loading comments for article: how-to-access
[20-May-2025 05:15:24 Europe/Berlin] Looking for file: comments/how-to-access.txt
[20-May-2025 05:15:24 Europe/Berlin] File exists, attempting to read
[20-May-2025 05:15:24 Europe/Berlin] Successfully loaded comments
[20-May-2025 05:15:24 Europe/Berlin] PHP Fatal error:  Cannot redeclare loadComments() (previously declared in C:\xampp\htdocs\load_comments.php:10) in C:\xampp\htdocs\load_comments.php on line 28
[20-May-2025 05:17:20 Europe/Berlin] Loading comments for article: how-to-access
[20-May-2025 05:17:20 Europe/Berlin] Looking for file: comments/how-to-access.txt
[20-May-2025 05:17:20 Europe/Berlin] File exists, attempting to read
[20-May-2025 05:17:20 Europe/Berlin] Successfully loaded comments
[20-May-2025 05:17:20 Europe/Berlin] PHP Fatal error:  Cannot redeclare loadComments() (previously declared in C:\xampp\htdocs\load_comments.php:10) in C:\xampp\htdocs\load_comments.php on line 28
[20-May-2025 05:18:21 Europe/Berlin] Loading comments for article: how-to-access
[20-May-2025 05:18:21 Europe/Berlin] Looking for file: comments/how-to-access.txt
[20-May-2025 05:18:21 Europe/Berlin] File exists, attempting to read
[20-May-2025 05:18:21 Europe/Berlin] Successfully loaded comments
[20-May-2025 05:18:21 Europe/Berlin] PHP Fatal error:  Cannot redeclare loadComments() (previously declared in C:\xampp\htdocs\load_comments.php:10) in C:\xampp\htdocs\load_comments.php on line 28
[20-May-2025 05:18:35 Europe/Berlin] Loading comments for article: how-to-access
[20-May-2025 05:18:35 Europe/Berlin] Looking for file: comments/how-to-access.txt
[20-May-2025 05:18:35 Europe/Berlin] File exists, attempting to read
[20-May-2025 05:18:35 Europe/Berlin] Successfully loaded comments
[20-May-2025 05:18:35 Europe/Berlin] PHP Fatal error:  Cannot redeclare loadComments() (previously declared in C:\xampp\htdocs\load_comments.php:10) in C:\xampp\htdocs\load_comments.php on line 28
[20-May-2025 05:20:21 Europe/Berlin] Loading comments for article: how-to-access
[20-May-2025 05:20:21 Europe/Berlin] Looking for file: comments/how-to-access.txt
[20-May-2025 05:20:21 Europe/Berlin] File exists, attempting to read
[20-May-2025 05:20:21 Europe/Berlin] Successfully loaded comments
[20-May-2025 05:20:21 Europe/Berlin] PHP Fatal error:  Cannot redeclare loadComments() (previously declared in C:\xampp\htdocs\load_comments.php:10) in C:\xampp\htdocs\load_comments.php on line 28
[20-May-2025 05:20:48 Europe/Berlin] Loading comments for article: how-to-access
[20-May-2025 05:20:48 Europe/Berlin] Looking for file: comments/how-to-access.txt
[20-May-2025 05:20:48 Europe/Berlin] File exists, attempting to read
[20-May-2025 05:20:48 Europe/Berlin] Successfully loaded comments
[20-May-2025 05:20:48 Europe/Berlin] PHP Fatal error:  Cannot redeclare loadComments() (previously declared in C:\xampp\htdocs\load_comments.php:10) in C:\xampp\htdocs\load_comments.php on line 28
[20-May-2025 05:21:02 Europe/Berlin] Loading comments for article: how-to-access
[20-May-2025 05:21:02 Europe/Berlin] Looking for file: comments/how-to-access.txt
[20-May-2025 05:21:02 Europe/Berlin] File exists, attempting to read
[20-May-2025 05:21:02 Europe/Berlin] Successfully loaded comments
[20-May-2025 05:21:02 Europe/Berlin] PHP Fatal error:  Cannot redeclare loadComments() (previously declared in C:\xampp\htdocs\load_comments.php:10) in C:\xampp\htdocs\load_comments.php on line 28
[20-May-2025 05:21:12 Europe/Berlin] Loading comments for article: how-to-access
[20-May-2025 05:21:12 Europe/Berlin] Looking for file: comments/how-to-access.txt
[20-May-2025 05:21:12 Europe/Berlin] File exists, attempting to read
[20-May-2025 05:21:12 Europe/Berlin] Successfully loaded comments
[20-May-2025 05:21:12 Europe/Berlin] PHP Fatal error:  Cannot redeclare loadComments() (previously declared in C:\xampp\htdocs\load_comments.php:10) in C:\xampp\htdocs\load_comments.php on line 28
[20-May-2025 05:22:29 Europe/Berlin] Loading comments for article: how-to-access
[20-May-2025 05:22:29 Europe/Berlin] Looking for file: comments/how-to-access.txt
[20-May-2025 05:22:29 Europe/Berlin] File exists, attempting to read
[20-May-2025 05:22:29 Europe/Berlin] Successfully loaded comments
[20-May-2025 05:22:29 Europe/Berlin] Loading comments for article: victim-story
[20-May-2025 05:22:29 Europe/Berlin] Looking for file: comments/victim-story.txt
[20-May-2025 05:22:29 Europe/Berlin] File exists, attempting to read
[20-May-2025 05:22:29 Europe/Berlin] Successfully loaded comments
[20-May-2025 05:22:29 Europe/Berlin] Loading comments for article: tiktok-ban
[20-May-2025 05:22:29 Europe/Berlin] Looking for file: comments/tiktok-ban.txt
[20-May-2025 05:22:29 Europe/Berlin] File exists, attempting to read
[20-May-2025 05:22:29 Europe/Berlin] Successfully loaded comments
[20-May-2025 05:22:29 Europe/Berlin] Loading comments for article: scam-story
[20-May-2025 05:22:29 Europe/Berlin] Looking for file: comments/scam-story.txt
[20-May-2025 05:22:29 Europe/Berlin] File exists, attempting to read
[20-May-2025 05:22:29 Europe/Berlin] Successfully loaded comments
[20-May-2025 05:22:29 Europe/Berlin] Loading comments for article: dark-web-markets
[20-May-2025 05:22:29 Europe/Berlin] Looking for file: comments/dark-web-markets.txt
[20-May-2025 05:22:29 Europe/Berlin] File exists, attempting to read
[20-May-2025 05:22:29 Europe/Berlin] Successfully loaded comments
[20-May-2025 05:22:29 Europe/Berlin] Loading comments for article: monero-bitcoin
[20-May-2025 05:22:29 Europe/Berlin] Looking for file: comments/monero-bitcoin.txt
[20-May-2025 05:22:29 Europe/Berlin] File exists, attempting to read
[20-May-2025 05:22:29 Europe/Berlin] Successfully loaded comments
[20-May-2025 05:22:29 Europe/Berlin] Loading comments for article: malware
[20-May-2025 05:22:29 Europe/Berlin] Looking for file: comments/malware.txt
[20-May-2025 05:22:29 Europe/Berlin] File exists, attempting to read
[20-May-2025 05:22:29 Europe/Berlin] Successfully loaded comments
[20-May-2025 05:22:29 Europe/Berlin] Loading comments for article: red-room
[20-May-2025 05:22:29 Europe/Berlin] Looking for file: comments/red-room.txt
[20-May-2025 05:22:29 Europe/Berlin] File exists, attempting to read
[20-May-2025 05:22:29 Europe/Berlin] Successfully loaded comments
[20-May-2025 05:22:29 Europe/Berlin] Loading comments for article: dark-web-regret
[20-May-2025 05:22:29 Europe/Berlin] Looking for file: comments/dark-web-regret.txt
[20-May-2025 05:22:29 Europe/Berlin] File exists, attempting to read
[20-May-2025 05:22:29 Europe/Berlin] Successfully loaded comments
[20-May-2025 05:22:29 Europe/Berlin] Loading comments for article: opsec-persec
[20-May-2025 05:22:29 Europe/Berlin] Looking for file: comments/opsec-persec.txt
[20-May-2025 05:22:29 Europe/Berlin] File exists, attempting to read
[20-May-2025 05:22:29 Europe/Berlin] Successfully loaded comments
[20-May-2025 05:22:29 Europe/Berlin] Loading comments for article: search-engines
[20-May-2025 05:22:29 Europe/Berlin] Looking for file: comments/search-engines.txt
[20-May-2025 05:22:29 Europe/Berlin] File exists, attempting to read
[20-May-2025 05:22:29 Europe/Berlin] Successfully loaded comments
[20-May-2025 05:22:29 Europe/Berlin] Loading comments for article: chatrooms
[20-May-2025 05:22:29 Europe/Berlin] Looking for file: comments/chatrooms.txt
[20-May-2025 05:22:29 Europe/Berlin] File exists, attempting to read
[20-May-2025 05:22:29 Europe/Berlin] Successfully loaded comments
[20-May-2025 05:22:29 Europe/Berlin] Loading comments for article: tails-os
[20-May-2025 05:22:29 Europe/Berlin] Looking for file: comments/tails-os.txt
[20-May-2025 05:22:29 Europe/Berlin] File exists, attempting to read
[20-May-2025 05:22:29 Europe/Berlin] Successfully loaded comments
[20-May-2025 05:22:29 Europe/Berlin] Loading comments for article: buying
[20-May-2025 05:22:29 Europe/Berlin] Looking for file: comments/buying.txt
[20-May-2025 05:22:29 Europe/Berlin] File exists, attempting to read
[20-May-2025 05:22:29 Europe/Berlin] Successfully loaded comments
[20-May-2025 05:22:29 Europe/Berlin] Loading comments for article: xmpp
[20-May-2025 05:22:29 Europe/Berlin] Looking for file: comments/xmpp.txt
[20-May-2025 05:22:29 Europe/Berlin] File exists, attempting to read
[20-May-2025 05:22:29 Europe/Berlin] Successfully loaded comments
[20-May-2025 05:22:29 Europe/Berlin] Loading comments for article: king
[20-May-2025 05:22:29 Europe/Berlin] Looking for file: comments/king.txt
[20-May-2025 05:22:29 Europe/Berlin] File exists, attempting to read
[20-May-2025 05:22:29 Europe/Berlin] Successfully loaded comments
[20-May-2025 05:22:29 Europe/Berlin] Loading comments for article: vpn-tor
[20-May-2025 05:22:29 Europe/Berlin] Looking for file: comments/vpn-tor.txt
[20-May-2025 05:22:29 Europe/Berlin] File exists, attempting to read
[20-May-2025 05:22:29 Europe/Berlin] Successfully loaded comments
[20-May-2025 05:22:29 Europe/Berlin] Loading comments for article: honeypots
[20-May-2025 05:22:29 Europe/Berlin] Looking for file: comments/honeypots.txt
[20-May-2025 05:22:29 Europe/Berlin] File exists, attempting to read
[20-May-2025 05:22:29 Europe/Berlin] Successfully loaded comments
[20-May-2025 05:22:29 Europe/Berlin] Loading comments for article: link-directories
[20-May-2025 05:22:29 Europe/Berlin] Looking for file: comments/link-directories.txt
[20-May-2025 05:22:29 Europe/Berlin] File exists, attempting to read
[20-May-2025 05:22:29 Europe/Berlin] Successfully loaded comments
[20-May-2025 05:37:10 Europe/Berlin] Loading comments for article: how-to-access
[20-May-2025 05:37:10 Europe/Berlin] Looking for file: comments/how-to-access.txt
[20-May-2025 05:37:10 Europe/Berlin] File exists, attempting to read
[20-May-2025 05:37:10 Europe/Berlin] Successfully loaded comments
[20-May-2025 05:37:10 Europe/Berlin] Loading comments for article: victim-story
[20-May-2025 05:37:10 Europe/Berlin] Looking for file: comments/victim-story.txt
[20-May-2025 05:37:10 Europe/Berlin] File exists, attempting to read
[20-May-2025 05:37:10 Europe/Berlin] Successfully loaded comments
[20-May-2025 05:37:10 Europe/Berlin] Loading comments for article: tiktok-ban
[20-May-2025 05:37:10 Europe/Berlin] Looking for file: comments/tiktok-ban.txt
[20-May-2025 05:37:10 Europe/Berlin] File exists, attempting to read
[20-May-2025 05:37:10 Europe/Berlin] Successfully loaded comments
[20-May-2025 05:37:10 Europe/Berlin] Loading comments for article: scam-story
[20-May-2025 05:37:10 Europe/Berlin] Looking for file: comments/scam-story.txt
[20-May-2025 05:37:10 Europe/Berlin] File exists, attempting to read
[20-May-2025 05:37:10 Europe/Berlin] Successfully loaded comments
[20-May-2025 05:37:10 Europe/Berlin] Loading comments for article: dark-web-markets
[20-May-2025 05:37:10 Europe/Berlin] Looking for file: comments/dark-web-markets.txt
[20-May-2025 05:37:10 Europe/Berlin] File exists, attempting to read
[20-May-2025 05:37:10 Europe/Berlin] Successfully loaded comments
[20-May-2025 05:37:10 Europe/Berlin] Loading comments for article: monero-bitcoin
[20-May-2025 05:37:10 Europe/Berlin] Looking for file: comments/monero-bitcoin.txt
[20-May-2025 05:37:10 Europe/Berlin] File exists, attempting to read
[20-May-2025 05:37:10 Europe/Berlin] Successfully loaded comments
[20-May-2025 05:37:10 Europe/Berlin] Loading comments for article: malware
[20-May-2025 05:37:10 Europe/Berlin] Looking for file: comments/malware.txt
[20-May-2025 05:37:10 Europe/Berlin] File exists, attempting to read
[20-May-2025 05:37:10 Europe/Berlin] Successfully loaded comments
[20-May-2025 05:37:10 Europe/Berlin] Loading comments for article: red-room
[20-May-2025 05:37:10 Europe/Berlin] Looking for file: comments/red-room.txt
[20-May-2025 05:37:10 Europe/Berlin] File exists, attempting to read
[20-May-2025 05:37:10 Europe/Berlin] Successfully loaded comments
[20-May-2025 05:37:10 Europe/Berlin] Loading comments for article: dark-web-regret
[20-May-2025 05:37:10 Europe/Berlin] Looking for file: comments/dark-web-regret.txt
[20-May-2025 05:37:10 Europe/Berlin] File exists, attempting to read
[20-May-2025 05:37:10 Europe/Berlin] Successfully loaded comments
[20-May-2025 05:37:10 Europe/Berlin] Loading comments for article: opsec-persec
[20-May-2025 05:37:10 Europe/Berlin] Looking for file: comments/opsec-persec.txt
[20-May-2025 05:37:10 Europe/Berlin] File exists, attempting to read
[20-May-2025 05:37:10 Europe/Berlin] Successfully loaded comments
[20-May-2025 05:37:10 Europe/Berlin] Loading comments for article: search-engines
[20-May-2025 05:37:10 Europe/Berlin] Looking for file: comments/search-engines.txt
[20-May-2025 05:37:10 Europe/Berlin] File exists, attempting to read
[20-May-2025 05:37:10 Europe/Berlin] Successfully loaded comments
[20-May-2025 05:37:10 Europe/Berlin] Loading comments for article: chatrooms
[20-May-2025 05:37:10 Europe/Berlin] Looking for file: comments/chatrooms.txt
[20-May-2025 05:37:10 Europe/Berlin] File exists, attempting to read
[20-May-2025 05:37:10 Europe/Berlin] Successfully loaded comments
[20-May-2025 05:37:10 Europe/Berlin] Loading comments for article: tails-os
[20-May-2025 05:37:10 Europe/Berlin] Looking for file: comments/tails-os.txt
[20-May-2025 05:37:10 Europe/Berlin] File exists, attempting to read
[20-May-2025 05:37:10 Europe/Berlin] Successfully loaded comments
[20-May-2025 05:37:10 Europe/Berlin] Loading comments for article: buying
[20-May-2025 05:37:10 Europe/Berlin] Looking for file: comments/buying.txt
[20-May-2025 05:37:10 Europe/Berlin] File exists, attempting to read
[20-May-2025 05:37:10 Europe/Berlin] Successfully loaded comments
[20-May-2025 05:37:10 Europe/Berlin] Loading comments for article: xmpp
[20-May-2025 05:37:10 Europe/Berlin] Looking for file: comments/xmpp.txt
[20-May-2025 05:37:10 Europe/Berlin] File exists, attempting to read
[20-May-2025 05:37:10 Europe/Berlin] Successfully loaded comments
[20-May-2025 05:37:10 Europe/Berlin] Loading comments for article: king
[20-May-2025 05:37:10 Europe/Berlin] Looking for file: comments/king.txt
[20-May-2025 05:37:10 Europe/Berlin] File exists, attempting to read
[20-May-2025 05:37:10 Europe/Berlin] Successfully loaded comments
[20-May-2025 05:37:10 Europe/Berlin] Loading comments for article: vpn-tor
[20-May-2025 05:37:10 Europe/Berlin] Looking for file: comments/vpn-tor.txt
[20-May-2025 05:37:10 Europe/Berlin] File exists, attempting to read
[20-May-2025 05:37:10 Europe/Berlin] Successfully loaded comments
[20-May-2025 05:37:10 Europe/Berlin] Loading comments for article: honeypots
[20-May-2025 05:37:10 Europe/Berlin] Looking for file: comments/honeypots.txt
[20-May-2025 05:37:10 Europe/Berlin] File exists, attempting to read
[20-May-2025 05:37:10 Europe/Berlin] Successfully loaded comments
[20-May-2025 05:37:10 Europe/Berlin] Loading comments for article: link-directories
[20-May-2025 05:37:10 Europe/Berlin] Looking for file: comments/link-directories.txt
[20-May-2025 05:37:10 Europe/Berlin] File exists, attempting to read
[20-May-2025 05:37:10 Europe/Berlin] Successfully loaded comments
[20-May-2025 05:40:26 Europe/Berlin] Loading comments for article: how-to-access
[20-May-2025 05:40:26 Europe/Berlin] Looking for file: comments/how-to-access.txt
[20-May-2025 05:40:26 Europe/Berlin] File exists, attempting to read
[20-May-2025 05:40:26 Europe/Berlin] Successfully loaded comments
[20-May-2025 05:40:26 Europe/Berlin] Loading comments for article: victim-story
[20-May-2025 05:40:26 Europe/Berlin] Looking for file: comments/victim-story.txt
[20-May-2025 05:40:26 Europe/Berlin] File exists, attempting to read
[20-May-2025 05:40:26 Europe/Berlin] Successfully loaded comments
[20-May-2025 05:40:26 Europe/Berlin] Loading comments for article: tiktok-ban
[20-May-2025 05:40:26 Europe/Berlin] Looking for file: comments/tiktok-ban.txt
[20-May-2025 05:40:26 Europe/Berlin] File exists, attempting to read
[20-May-2025 05:40:26 Europe/Berlin] Successfully loaded comments
[20-May-2025 05:40:26 Europe/Berlin] Loading comments for article: scam-story
[20-May-2025 05:40:26 Europe/Berlin] Looking for file: comments/scam-story.txt
[20-May-2025 05:40:26 Europe/Berlin] File exists, attempting to read
[20-May-2025 05:40:26 Europe/Berlin] Successfully loaded comments
[20-May-2025 05:40:26 Europe/Berlin] Loading comments for article: dark-web-markets
[20-May-2025 05:40:26 Europe/Berlin] Looking for file: comments/dark-web-markets.txt
[20-May-2025 05:40:26 Europe/Berlin] File exists, attempting to read
[20-May-2025 05:40:26 Europe/Berlin] Successfully loaded comments
[20-May-2025 05:40:26 Europe/Berlin] Loading comments for article: monero-bitcoin
[20-May-2025 05:40:26 Europe/Berlin] Looking for file: comments/monero-bitcoin.txt
[20-May-2025 05:40:26 Europe/Berlin] File exists, attempting to read
[20-May-2025 05:40:26 Europe/Berlin] Successfully loaded comments
[20-May-2025 05:40:26 Europe/Berlin] Loading comments for article: malware
[20-May-2025 05:40:26 Europe/Berlin] Looking for file: comments/malware.txt
[20-May-2025 05:40:26 Europe/Berlin] File exists, attempting to read
[20-May-2025 05:40:26 Europe/Berlin] Successfully loaded comments
[20-May-2025 05:40:26 Europe/Berlin] Loading comments for article: red-room
[20-May-2025 05:40:26 Europe/Berlin] Looking for file: comments/red-room.txt
[20-May-2025 05:40:26 Europe/Berlin] File exists, attempting to read
[20-May-2025 05:40:26 Europe/Berlin] Successfully loaded comments
[20-May-2025 05:40:26 Europe/Berlin] Loading comments for article: dark-web-regret
[20-May-2025 05:40:26 Europe/Berlin] Looking for file: comments/dark-web-regret.txt
[20-May-2025 05:40:26 Europe/Berlin] File exists, attempting to read
[20-May-2025 05:40:26 Europe/Berlin] Successfully loaded comments
[20-May-2025 05:40:26 Europe/Berlin] Loading comments for article: opsec-persec
[20-May-2025 05:40:26 Europe/Berlin] Looking for file: comments/opsec-persec.txt
[20-May-2025 05:40:26 Europe/Berlin] File exists, attempting to read
[20-May-2025 05:40:26 Europe/Berlin] Successfully loaded comments
[20-May-2025 05:40:26 Europe/Berlin] Loading comments for article: search-engines
[20-May-2025 05:40:26 Europe/Berlin] Looking for file: comments/search-engines.txt
[20-May-2025 05:40:26 Europe/Berlin] File exists, attempting to read
[20-May-2025 05:40:26 Europe/Berlin] Successfully loaded comments
[20-May-2025 05:40:26 Europe/Berlin] Loading comments for article: chatrooms
[20-May-2025 05:40:26 Europe/Berlin] Looking for file: comments/chatrooms.txt
[20-May-2025 05:40:26 Europe/Berlin] File exists, attempting to read
[20-May-2025 05:40:26 Europe/Berlin] Successfully loaded comments
[20-May-2025 05:40:26 Europe/Berlin] Loading comments for article: tails-os
[20-May-2025 05:40:26 Europe/Berlin] Looking for file: comments/tails-os.txt
[20-May-2025 05:40:26 Europe/Berlin] File exists, attempting to read
[20-May-2025 05:40:26 Europe/Berlin] Successfully loaded comments
[20-May-2025 05:40:26 Europe/Berlin] Loading comments for article: buying
[20-May-2025 05:40:26 Europe/Berlin] Looking for file: comments/buying.txt
[20-May-2025 05:40:26 Europe/Berlin] File exists, attempting to read
[20-May-2025 05:40:26 Europe/Berlin] Successfully loaded comments
[20-May-2025 05:40:26 Europe/Berlin] Loading comments for article: xmpp
[20-May-2025 05:40:26 Europe/Berlin] Looking for file: comments/xmpp.txt
[20-May-2025 05:40:26 Europe/Berlin] File exists, attempting to read
[20-May-2025 05:40:26 Europe/Berlin] Successfully loaded comments
[20-May-2025 05:40:26 Europe/Berlin] Loading comments for article: king
[20-May-2025 05:40:26 Europe/Berlin] Looking for file: comments/king.txt
[20-May-2025 05:40:26 Europe/Berlin] File exists, attempting to read
[20-May-2025 05:40:26 Europe/Berlin] Successfully loaded comments
[20-May-2025 05:40:26 Europe/Berlin] Loading comments for article: vpn-tor
[20-May-2025 05:40:26 Europe/Berlin] Looking for file: comments/vpn-tor.txt
[20-May-2025 05:40:26 Europe/Berlin] File exists, attempting to read
[20-May-2025 05:40:26 Europe/Berlin] Successfully loaded comments
[20-May-2025 05:40:26 Europe/Berlin] Loading comments for article: honeypots
[20-May-2025 05:40:26 Europe/Berlin] Looking for file: comments/honeypots.txt
[20-May-2025 05:40:26 Europe/Berlin] File exists, attempting to read
[20-May-2025 05:40:26 Europe/Berlin] Successfully loaded comments
[20-May-2025 05:40:26 Europe/Berlin] Loading comments for article: link-directories
[20-May-2025 05:40:26 Europe/Berlin] Looking for file: comments/link-directories.txt
[20-May-2025 05:40:26 Europe/Berlin] File exists, attempting to read
[20-May-2025 05:40:26 Europe/Berlin] Successfully loaded comments
[20-May-2025 05:41:38 Europe/Berlin] Loading comments for article: how-to-access
[20-May-2025 05:41:38 Europe/Berlin] Looking for file: comments/how-to-access.txt
[20-May-2025 05:41:38 Europe/Berlin] File exists, attempting to read
[20-May-2025 05:41:38 Europe/Berlin] Successfully loaded comments
[20-May-2025 05:41:38 Europe/Berlin] Loading comments for article: victim-story
[20-May-2025 05:41:38 Europe/Berlin] Looking for file: comments/victim-story.txt
[20-May-2025 05:41:38 Europe/Berlin] File exists, attempting to read
[20-May-2025 05:41:38 Europe/Berlin] Successfully loaded comments
[20-May-2025 05:41:38 Europe/Berlin] Loading comments for article: tiktok-ban
[20-May-2025 05:41:38 Europe/Berlin] Looking for file: comments/tiktok-ban.txt
[20-May-2025 05:41:38 Europe/Berlin] File exists, attempting to read
[20-May-2025 05:41:38 Europe/Berlin] Successfully loaded comments
[20-May-2025 05:41:38 Europe/Berlin] Loading comments for article: scam-story
[20-May-2025 05:41:38 Europe/Berlin] Looking for file: comments/scam-story.txt
[20-May-2025 05:41:38 Europe/Berlin] File exists, attempting to read
[20-May-2025 05:41:38 Europe/Berlin] Successfully loaded comments
[20-May-2025 05:41:38 Europe/Berlin] Loading comments for article: dark-web-markets
[20-May-2025 05:41:38 Europe/Berlin] Looking for file: comments/dark-web-markets.txt
[20-May-2025 05:41:38 Europe/Berlin] File exists, attempting to read
[20-May-2025 05:41:38 Europe/Berlin] Successfully loaded comments
[20-May-2025 05:41:38 Europe/Berlin] Loading comments for article: monero-bitcoin
[20-May-2025 05:41:38 Europe/Berlin] Looking for file: comments/monero-bitcoin.txt
[20-May-2025 05:41:38 Europe/Berlin] File exists, attempting to read
[20-May-2025 05:41:38 Europe/Berlin] Successfully loaded comments
[20-May-2025 05:41:38 Europe/Berlin] Loading comments for article: malware
[20-May-2025 05:41:38 Europe/Berlin] Looking for file: comments/malware.txt
[20-May-2025 05:41:38 Europe/Berlin] File exists, attempting to read
[20-May-2025 05:41:38 Europe/Berlin] Successfully loaded comments
[20-May-2025 05:41:38 Europe/Berlin] Loading comments for article: red-room
[20-May-2025 05:41:38 Europe/Berlin] Looking for file: comments/red-room.txt
[20-May-2025 05:41:38 Europe/Berlin] File exists, attempting to read
[20-May-2025 05:41:38 Europe/Berlin] Successfully loaded comments
[20-May-2025 05:41:38 Europe/Berlin] Loading comments for article: dark-web-regret
[20-May-2025 05:41:38 Europe/Berlin] Looking for file: comments/dark-web-regret.txt
[20-May-2025 05:41:38 Europe/Berlin] File exists, attempting to read
[20-May-2025 05:41:38 Europe/Berlin] Successfully loaded comments
[20-May-2025 05:41:38 Europe/Berlin] Loading comments for article: opsec-persec
[20-May-2025 05:41:38 Europe/Berlin] Looking for file: comments/opsec-persec.txt
[20-May-2025 05:41:38 Europe/Berlin] File exists, attempting to read
[20-May-2025 05:41:38 Europe/Berlin] Successfully loaded comments
[20-May-2025 05:41:38 Europe/Berlin] Loading comments for article: search-engines
[20-May-2025 05:41:38 Europe/Berlin] Looking for file: comments/search-engines.txt
[20-May-2025 05:41:38 Europe/Berlin] File exists, attempting to read
[20-May-2025 05:41:38 Europe/Berlin] Successfully loaded comments
[20-May-2025 05:41:38 Europe/Berlin] Loading comments for article: chatrooms
[20-May-2025 05:41:38 Europe/Berlin] Looking for file: comments/chatrooms.txt
[20-May-2025 05:41:38 Europe/Berlin] File exists, attempting to read
[20-May-2025 05:41:38 Europe/Berlin] Successfully loaded comments
[20-May-2025 05:41:38 Europe/Berlin] Loading comments for article: tails-os
[20-May-2025 05:41:38 Europe/Berlin] Looking for file: comments/tails-os.txt
[20-May-2025 05:41:38 Europe/Berlin] File exists, attempting to read
[20-May-2025 05:41:38 Europe/Berlin] Successfully loaded comments
[20-May-2025 05:41:38 Europe/Berlin] Loading comments for article: buying
[20-May-2025 05:41:38 Europe/Berlin] Looking for file: comments/buying.txt
[20-May-2025 05:41:38 Europe/Berlin] File exists, attempting to read
[20-May-2025 05:41:38 Europe/Berlin] Successfully loaded comments
[20-May-2025 05:41:38 Europe/Berlin] Loading comments for article: xmpp
[20-May-2025 05:41:38 Europe/Berlin] Looking for file: comments/xmpp.txt
[20-May-2025 05:41:38 Europe/Berlin] File exists, attempting to read
[20-May-2025 05:41:38 Europe/Berlin] Successfully loaded comments
[20-May-2025 05:41:38 Europe/Berlin] Loading comments for article: king
[20-May-2025 05:41:38 Europe/Berlin] Looking for file: comments/king.txt
[20-May-2025 05:41:38 Europe/Berlin] File exists, attempting to read
[20-May-2025 05:41:38 Europe/Berlin] Successfully loaded comments
[20-May-2025 05:41:38 Europe/Berlin] Loading comments for article: vpn-tor
[20-May-2025 05:41:38 Europe/Berlin] Looking for file: comments/vpn-tor.txt
[20-May-2025 05:41:38 Europe/Berlin] File exists, attempting to read
[20-May-2025 05:41:38 Europe/Berlin] Successfully loaded comments
[20-May-2025 05:41:38 Europe/Berlin] Loading comments for article: honeypots
[20-May-2025 05:41:38 Europe/Berlin] Looking for file: comments/honeypots.txt
[20-May-2025 05:41:38 Europe/Berlin] File exists, attempting to read
[20-May-2025 05:41:38 Europe/Berlin] Successfully loaded comments
[20-May-2025 05:41:38 Europe/Berlin] Loading comments for article: link-directories
[20-May-2025 05:41:38 Europe/Berlin] Looking for file: comments/link-directories.txt
[20-May-2025 05:41:38 Europe/Berlin] File exists, attempting to read
[20-May-2025 05:41:38 Europe/Berlin] Successfully loaded comments
[20-May-2025 05:44:10 Europe/Berlin] Loading comments for article: how-to-access
[20-May-2025 05:44:10 Europe/Berlin] Looking for file: comments/how-to-access.txt
[20-May-2025 05:44:10 Europe/Berlin] File exists, attempting to read
[20-May-2025 05:44:10 Europe/Berlin] Successfully loaded comments
[20-May-2025 05:44:10 Europe/Berlin] Loading comments for article: victim-story
[20-May-2025 05:44:10 Europe/Berlin] Looking for file: comments/victim-story.txt
[20-May-2025 05:44:10 Europe/Berlin] File exists, attempting to read
[20-May-2025 05:44:10 Europe/Berlin] Successfully loaded comments
[20-May-2025 05:44:10 Europe/Berlin] Loading comments for article: tiktok-ban
[20-May-2025 05:44:10 Europe/Berlin] Looking for file: comments/tiktok-ban.txt
[20-May-2025 05:44:10 Europe/Berlin] File exists, attempting to read
[20-May-2025 05:44:10 Europe/Berlin] Successfully loaded comments
[20-May-2025 05:44:10 Europe/Berlin] Loading comments for article: scam-story
[20-May-2025 05:44:10 Europe/Berlin] Looking for file: comments/scam-story.txt
[20-May-2025 05:44:10 Europe/Berlin] File exists, attempting to read
[20-May-2025 05:44:10 Europe/Berlin] Successfully loaded comments
[20-May-2025 05:44:10 Europe/Berlin] Loading comments for article: dark-web-markets
[20-May-2025 05:44:10 Europe/Berlin] Looking for file: comments/dark-web-markets.txt
[20-May-2025 05:44:10 Europe/Berlin] File exists, attempting to read
[20-May-2025 05:44:10 Europe/Berlin] Successfully loaded comments
[20-May-2025 05:44:10 Europe/Berlin] Loading comments for article: monero-bitcoin
[20-May-2025 05:44:10 Europe/Berlin] Looking for file: comments/monero-bitcoin.txt
[20-May-2025 05:44:10 Europe/Berlin] File exists, attempting to read
[20-May-2025 05:44:10 Europe/Berlin] Successfully loaded comments
[20-May-2025 05:44:10 Europe/Berlin] Loading comments for article: malware
[20-May-2025 05:44:10 Europe/Berlin] Looking for file: comments/malware.txt
[20-May-2025 05:44:10 Europe/Berlin] File exists, attempting to read
[20-May-2025 05:44:10 Europe/Berlin] Successfully loaded comments
[20-May-2025 05:44:10 Europe/Berlin] Loading comments for article: red-room
[20-May-2025 05:44:10 Europe/Berlin] Looking for file: comments/red-room.txt
[20-May-2025 05:44:10 Europe/Berlin] File exists, attempting to read
[20-May-2025 05:44:10 Europe/Berlin] Successfully loaded comments
[20-May-2025 05:44:10 Europe/Berlin] Loading comments for article: dark-web-regret
[20-May-2025 05:44:10 Europe/Berlin] Looking for file: comments/dark-web-regret.txt
[20-May-2025 05:44:10 Europe/Berlin] File exists, attempting to read
[20-May-2025 05:44:10 Europe/Berlin] Successfully loaded comments
[20-May-2025 05:44:10 Europe/Berlin] Loading comments for article: opsec-persec
[20-May-2025 05:44:10 Europe/Berlin] Looking for file: comments/opsec-persec.txt
[20-May-2025 05:44:10 Europe/Berlin] File exists, attempting to read
[20-May-2025 05:44:10 Europe/Berlin] Successfully loaded comments
[20-May-2025 05:44:10 Europe/Berlin] Loading comments for article: search-engines
[20-May-2025 05:44:10 Europe/Berlin] Looking for file: comments/search-engines.txt
[20-May-2025 05:44:10 Europe/Berlin] File exists, attempting to read
[20-May-2025 05:44:10 Europe/Berlin] Successfully loaded comments
[20-May-2025 05:44:10 Europe/Berlin] Loading comments for article: chatrooms
[20-May-2025 05:44:10 Europe/Berlin] Looking for file: comments/chatrooms.txt
[20-May-2025 05:44:10 Europe/Berlin] File exists, attempting to read
[20-May-2025 05:44:10 Europe/Berlin] Successfully loaded comments
[20-May-2025 05:44:10 Europe/Berlin] Loading comments for article: tails-os
[20-May-2025 05:44:10 Europe/Berlin] Looking for file: comments/tails-os.txt
[20-May-2025 05:44:10 Europe/Berlin] File exists, attempting to read
[20-May-2025 05:44:10 Europe/Berlin] Successfully loaded comments
[20-May-2025 05:44:10 Europe/Berlin] Loading comments for article: buying
[20-May-2025 05:44:10 Europe/Berlin] Looking for file: comments/buying.txt
[20-May-2025 05:44:10 Europe/Berlin] File exists, attempting to read
[20-May-2025 05:44:10 Europe/Berlin] Successfully loaded comments
[20-May-2025 05:44:10 Europe/Berlin] Loading comments for article: xmpp
[20-May-2025 05:44:10 Europe/Berlin] Looking for file: comments/xmpp.txt
[20-May-2025 05:44:10 Europe/Berlin] File exists, attempting to read
[20-May-2025 05:44:10 Europe/Berlin] Successfully loaded comments
[20-May-2025 05:44:10 Europe/Berlin] Loading comments for article: king
[20-May-2025 05:44:10 Europe/Berlin] Looking for file: comments/king.txt
[20-May-2025 05:44:10 Europe/Berlin] File exists, attempting to read
[20-May-2025 05:44:10 Europe/Berlin] Successfully loaded comments
[20-May-2025 05:44:10 Europe/Berlin] Loading comments for article: vpn-tor
[20-May-2025 05:44:10 Europe/Berlin] Looking for file: comments/vpn-tor.txt
[20-May-2025 05:44:10 Europe/Berlin] File exists, attempting to read
[20-May-2025 05:44:10 Europe/Berlin] Successfully loaded comments
[20-May-2025 05:44:10 Europe/Berlin] Loading comments for article: honeypots
[20-May-2025 05:44:10 Europe/Berlin] Looking for file: comments/honeypots.txt
[20-May-2025 05:44:10 Europe/Berlin] File exists, attempting to read
[20-May-2025 05:44:10 Europe/Berlin] Successfully loaded comments
[20-May-2025 05:44:10 Europe/Berlin] Loading comments for article: link-directories
[20-May-2025 05:44:10 Europe/Berlin] Looking for file: comments/link-directories.txt
[20-May-2025 05:44:10 Europe/Berlin] File exists, attempting to read
[20-May-2025 05:44:10 Europe/Berlin] Successfully loaded comments
[20-May-2025 05:47:00 Europe/Berlin] Loading comments for article: how-to-access
[20-May-2025 05:47:00 Europe/Berlin] Looking for file: comments/how-to-access.txt
[20-May-2025 05:47:00 Europe/Berlin] File exists, attempting to read
[20-May-2025 05:47:00 Europe/Berlin] Successfully loaded comments
[20-May-2025 05:47:00 Europe/Berlin] Loading comments for article: victim-story
[20-May-2025 05:47:00 Europe/Berlin] Looking for file: comments/victim-story.txt
[20-May-2025 05:47:00 Europe/Berlin] File exists, attempting to read
[20-May-2025 05:47:00 Europe/Berlin] Successfully loaded comments
[20-May-2025 05:47:00 Europe/Berlin] Loading comments for article: tiktok-ban
[20-May-2025 05:47:00 Europe/Berlin] Looking for file: comments/tiktok-ban.txt
[20-May-2025 05:47:00 Europe/Berlin] File exists, attempting to read
[20-May-2025 05:47:00 Europe/Berlin] Successfully loaded comments
[20-May-2025 05:47:00 Europe/Berlin] Loading comments for article: scam-story
[20-May-2025 05:47:00 Europe/Berlin] Looking for file: comments/scam-story.txt
[20-May-2025 05:47:00 Europe/Berlin] File exists, attempting to read
[20-May-2025 05:47:00 Europe/Berlin] Successfully loaded comments
[20-May-2025 05:47:00 Europe/Berlin] Loading comments for article: dark-web-markets
[20-May-2025 05:47:00 Europe/Berlin] Looking for file: comments/dark-web-markets.txt
[20-May-2025 05:47:00 Europe/Berlin] File exists, attempting to read
[20-May-2025 05:47:00 Europe/Berlin] Successfully loaded comments
[20-May-2025 05:47:00 Europe/Berlin] Loading comments for article: monero-bitcoin
[20-May-2025 05:47:00 Europe/Berlin] Looking for file: comments/monero-bitcoin.txt
[20-May-2025 05:47:00 Europe/Berlin] File exists, attempting to read
[20-May-2025 05:47:00 Europe/Berlin] Successfully loaded comments
[20-May-2025 05:47:00 Europe/Berlin] Loading comments for article: malware
[20-May-2025 05:47:00 Europe/Berlin] Looking for file: comments/malware.txt
[20-May-2025 05:47:00 Europe/Berlin] File exists, attempting to read
[20-May-2025 05:47:00 Europe/Berlin] Successfully loaded comments
[20-May-2025 05:47:00 Europe/Berlin] Loading comments for article: red-room
[20-May-2025 05:47:00 Europe/Berlin] Looking for file: comments/red-room.txt
[20-May-2025 05:47:00 Europe/Berlin] File exists, attempting to read
[20-May-2025 05:47:00 Europe/Berlin] Successfully loaded comments
[20-May-2025 05:47:00 Europe/Berlin] Loading comments for article: dark-web-regret
[20-May-2025 05:47:00 Europe/Berlin] Looking for file: comments/dark-web-regret.txt
[20-May-2025 05:47:00 Europe/Berlin] File exists, attempting to read
[20-May-2025 05:47:00 Europe/Berlin] Successfully loaded comments
[20-May-2025 05:47:00 Europe/Berlin] Loading comments for article: opsec-persec
[20-May-2025 05:47:00 Europe/Berlin] Looking for file: comments/opsec-persec.txt
[20-May-2025 05:47:00 Europe/Berlin] File exists, attempting to read
[20-May-2025 05:47:00 Europe/Berlin] Successfully loaded comments
[20-May-2025 05:47:00 Europe/Berlin] Loading comments for article: search-engines
[20-May-2025 05:47:00 Europe/Berlin] Looking for file: comments/search-engines.txt
[20-May-2025 05:47:00 Europe/Berlin] File exists, attempting to read
[20-May-2025 05:47:00 Europe/Berlin] Successfully loaded comments
[20-May-2025 05:47:00 Europe/Berlin] Loading comments for article: chatrooms
[20-May-2025 05:47:00 Europe/Berlin] Looking for file: comments/chatrooms.txt
[20-May-2025 05:47:00 Europe/Berlin] File exists, attempting to read
[20-May-2025 05:47:00 Europe/Berlin] Successfully loaded comments
[20-May-2025 05:47:00 Europe/Berlin] Loading comments for article: tails-os
[20-May-2025 05:47:00 Europe/Berlin] Looking for file: comments/tails-os.txt
[20-May-2025 05:47:00 Europe/Berlin] File exists, attempting to read
[20-May-2025 05:47:00 Europe/Berlin] Successfully loaded comments
[20-May-2025 05:47:00 Europe/Berlin] Loading comments for article: buying
[20-May-2025 05:47:00 Europe/Berlin] Looking for file: comments/buying.txt
[20-May-2025 05:47:00 Europe/Berlin] File exists, attempting to read
[20-May-2025 05:47:00 Europe/Berlin] Successfully loaded comments
[20-May-2025 05:47:00 Europe/Berlin] Loading comments for article: xmpp
[20-May-2025 05:47:00 Europe/Berlin] Looking for file: comments/xmpp.txt
[20-May-2025 05:47:00 Europe/Berlin] File exists, attempting to read
[20-May-2025 05:47:00 Europe/Berlin] Successfully loaded comments
[20-May-2025 05:47:00 Europe/Berlin] Loading comments for article: king
[20-May-2025 05:47:00 Europe/Berlin] Looking for file: comments/king.txt
[20-May-2025 05:47:00 Europe/Berlin] File exists, attempting to read
[20-May-2025 05:47:00 Europe/Berlin] Successfully loaded comments
[20-May-2025 05:47:00 Europe/Berlin] Loading comments for article: vpn-tor
[20-May-2025 05:47:00 Europe/Berlin] Looking for file: comments/vpn-tor.txt
[20-May-2025 05:47:00 Europe/Berlin] File exists, attempting to read
[20-May-2025 05:47:00 Europe/Berlin] Successfully loaded comments
[20-May-2025 05:47:00 Europe/Berlin] Loading comments for article: honeypots
[20-May-2025 05:47:00 Europe/Berlin] Looking for file: comments/honeypots.txt
[20-May-2025 05:47:00 Europe/Berlin] File exists, attempting to read
[20-May-2025 05:47:00 Europe/Berlin] Successfully loaded comments
[20-May-2025 05:47:00 Europe/Berlin] Loading comments for article: link-directories
[20-May-2025 05:47:00 Europe/Berlin] Looking for file: comments/link-directories.txt
[20-May-2025 05:47:00 Europe/Berlin] File exists, attempting to read
[20-May-2025 05:47:00 Europe/Berlin] Successfully loaded comments
[20-May-2025 05:48:59 Europe/Berlin] Loading comments for article: how-to-access
[20-May-2025 05:48:59 Europe/Berlin] Looking for file: comments/how-to-access.txt
[20-May-2025 05:48:59 Europe/Berlin] File exists, attempting to read
[20-May-2025 05:48:59 Europe/Berlin] Successfully loaded comments
[20-May-2025 05:48:59 Europe/Berlin] Loading comments for article: victim-story
[20-May-2025 05:48:59 Europe/Berlin] Looking for file: comments/victim-story.txt
[20-May-2025 05:48:59 Europe/Berlin] File exists, attempting to read
[20-May-2025 05:48:59 Europe/Berlin] Successfully loaded comments
[20-May-2025 05:48:59 Europe/Berlin] Loading comments for article: tiktok-ban
[20-May-2025 05:48:59 Europe/Berlin] Looking for file: comments/tiktok-ban.txt
[20-May-2025 05:48:59 Europe/Berlin] File exists, attempting to read
[20-May-2025 05:48:59 Europe/Berlin] Successfully loaded comments
[20-May-2025 05:48:59 Europe/Berlin] Loading comments for article: scam-story
[20-May-2025 05:48:59 Europe/Berlin] Looking for file: comments/scam-story.txt
[20-May-2025 05:48:59 Europe/Berlin] File exists, attempting to read
[20-May-2025 05:48:59 Europe/Berlin] Successfully loaded comments
[20-May-2025 05:48:59 Europe/Berlin] Loading comments for article: dark-web-markets
[20-May-2025 05:48:59 Europe/Berlin] Looking for file: comments/dark-web-markets.txt
[20-May-2025 05:48:59 Europe/Berlin] File exists, attempting to read
[20-May-2025 05:48:59 Europe/Berlin] Successfully loaded comments
[20-May-2025 05:48:59 Europe/Berlin] Loading comments for article: monero-bitcoin
[20-May-2025 05:48:59 Europe/Berlin] Looking for file: comments/monero-bitcoin.txt
[20-May-2025 05:48:59 Europe/Berlin] File exists, attempting to read
[20-May-2025 05:48:59 Europe/Berlin] Successfully loaded comments
[20-May-2025 05:48:59 Europe/Berlin] Loading comments for article: malware
[20-May-2025 05:48:59 Europe/Berlin] Looking for file: comments/malware.txt
[20-May-2025 05:48:59 Europe/Berlin] File exists, attempting to read
[20-May-2025 05:48:59 Europe/Berlin] Successfully loaded comments
[20-May-2025 05:48:59 Europe/Berlin] Loading comments for article: red-room
[20-May-2025 05:48:59 Europe/Berlin] Looking for file: comments/red-room.txt
[20-May-2025 05:48:59 Europe/Berlin] File exists, attempting to read
[20-May-2025 05:48:59 Europe/Berlin] Successfully loaded comments
[20-May-2025 05:48:59 Europe/Berlin] Loading comments for article: dark-web-regret
[20-May-2025 05:48:59 Europe/Berlin] Looking for file: comments/dark-web-regret.txt
[20-May-2025 05:48:59 Europe/Berlin] File exists, attempting to read
[20-May-2025 05:48:59 Europe/Berlin] Successfully loaded comments
[20-May-2025 05:48:59 Europe/Berlin] Loading comments for article: opsec-persec
[20-May-2025 05:48:59 Europe/Berlin] Looking for file: comments/opsec-persec.txt
[20-May-2025 05:48:59 Europe/Berlin] File exists, attempting to read
[20-May-2025 05:48:59 Europe/Berlin] Successfully loaded comments
[20-May-2025 05:48:59 Europe/Berlin] Loading comments for article: search-engines
[20-May-2025 05:48:59 Europe/Berlin] Looking for file: comments/search-engines.txt
[20-May-2025 05:48:59 Europe/Berlin] File exists, attempting to read
[20-May-2025 05:48:59 Europe/Berlin] Successfully loaded comments
[20-May-2025 05:48:59 Europe/Berlin] Loading comments for article: chatrooms
[20-May-2025 05:48:59 Europe/Berlin] Looking for file: comments/chatrooms.txt
[20-May-2025 05:48:59 Europe/Berlin] File exists, attempting to read
[20-May-2025 05:48:59 Europe/Berlin] Successfully loaded comments
[20-May-2025 05:48:59 Europe/Berlin] Loading comments for article: tails-os
[20-May-2025 05:48:59 Europe/Berlin] Looking for file: comments/tails-os.txt
[20-May-2025 05:48:59 Europe/Berlin] File exists, attempting to read
[20-May-2025 05:48:59 Europe/Berlin] Successfully loaded comments
[20-May-2025 05:48:59 Europe/Berlin] Loading comments for article: buying
[20-May-2025 05:48:59 Europe/Berlin] Looking for file: comments/buying.txt
[20-May-2025 05:48:59 Europe/Berlin] File exists, attempting to read
[20-May-2025 05:48:59 Europe/Berlin] Successfully loaded comments
[20-May-2025 05:48:59 Europe/Berlin] Loading comments for article: xmpp
[20-May-2025 05:48:59 Europe/Berlin] Looking for file: comments/xmpp.txt
[20-May-2025 05:48:59 Europe/Berlin] File exists, attempting to read
[20-May-2025 05:48:59 Europe/Berlin] Successfully loaded comments
[20-May-2025 05:48:59 Europe/Berlin] Loading comments for article: king
[20-May-2025 05:48:59 Europe/Berlin] Looking for file: comments/king.txt
[20-May-2025 05:48:59 Europe/Berlin] File exists, attempting to read
[20-May-2025 05:48:59 Europe/Berlin] Successfully loaded comments
[20-May-2025 05:48:59 Europe/Berlin] Loading comments for article: vpn-tor
[20-May-2025 05:48:59 Europe/Berlin] Looking for file: comments/vpn-tor.txt
[20-May-2025 05:48:59 Europe/Berlin] File exists, attempting to read
[20-May-2025 05:48:59 Europe/Berlin] Successfully loaded comments
[20-May-2025 05:48:59 Europe/Berlin] Loading comments for article: honeypots
[20-May-2025 05:48:59 Europe/Berlin] Looking for file: comments/honeypots.txt
[20-May-2025 05:48:59 Europe/Berlin] File exists, attempting to read
[20-May-2025 05:48:59 Europe/Berlin] Successfully loaded comments
[20-May-2025 05:48:59 Europe/Berlin] Loading comments for article: link-directories
[20-May-2025 05:48:59 Europe/Berlin] Looking for file: comments/link-directories.txt
[20-May-2025 05:48:59 Europe/Berlin] File exists, attempting to read
[20-May-2025 05:48:59 Europe/Berlin] Successfully loaded comments
